Watching for file changes with StatReloader
C:\Users\User\PycharmProjects\Dj_project1\my_first_project\about_app\views.py changed, reloading.
Watching for file changes with StatReloader
Not Found: /
"GET / HTTP/1.1" 404 2174
Not Found: /about/
"GET /about/ HTTP/1.1" 404 2210
"GET /home/ HTTP/1.1" 200 70
Internal Server Error: /home/about
Traceback (most recent call last):
  File "C:\Users\User\AppData\Local\Programs\Python\Python311\Lib\site-packages\django\core\handlers\exception.py", line 55, in inner
    response = get_response(request)
               ^^^^^^^^^^^^^^^^^^^^^
  File "C:\Users\User\AppData\Local\Programs\Python\Python311\Lib\site-packages\django\core\handlers\base.py", line 197, in _get_response
    response = wrapped_callback(request, *callback_args, **callback_kwargs)
               ^^^^^^^^^^^^^^^^^^^^^^^^^^^^^^^^^^^^^^^^^^^^^^^^^^^^^^^^^^^^
  File "C:\Users\User\PycharmProjects\Dj_project1\my_first_project\about_app\views.py", line 12, in get_about
    return render(request, 'about_app/index.html')
           ^^^^^^^^^^^^^^^^^^^^^^^^^^^^^^^^^^^^^^^
  File "C:\Users\User\AppData\Local\Programs\Python\Python311\Lib\site-packages\django\shortcuts.py", line 24, in render
    content = loader.render_to_string(template_name, context, request, using=using)
              ^^^^^^^^^^^^^^^^^^^^^^^^^^^^^^^^^^^^^^^^^^^^^^^^^^^^^^^^^^^^^^^^^^^^^
  File "C:\Users\User\AppData\Local\Programs\Python\Python311\Lib\site-packages\django\template\loader.py", line 61, in render_to_string
    template = get_template(template_name, using=using)
               ^^^^^^^^^^^^^^^^^^^^^^^^^^^^^^^^^^^^^^^^
  File "C:\Users\User\AppData\Local\Programs\Python\Python311\Lib\site-packages\django\template\loader.py", line 19, in get_template
    raise TemplateDoesNotExist(template_name, chain=chain)
django.template.exceptions.TemplateDoesNotExist: about_app/index.html
"GET /home/about HTTP/1.1" 500 78538
Not Found: /home/abouts
"GET /home/abouts HTTP/1.1" 404 2429
Internal Server Error: /home/about
Traceback (most recent call last):
  File "C:\Users\User\AppData\Local\Programs\Python\Python311\Lib\site-packages\django\core\handlers\exception.py", line 55, in inner
    response = get_response(request)
               ^^^^^^^^^^^^^^^^^^^^^
  File "C:\Users\User\AppData\Local\Programs\Python\Python311\Lib\site-packages\django\core\handlers\base.py", line 197, in _get_response
    response = wrapped_callback(request, *callback_args, **callback_kwargs)
               ^^^^^^^^^^^^^^^^^^^^^^^^^^^^^^^^^^^^^^^^^^^^^^^^^^^^^^^^^^^^
  File "C:\Users\User\PycharmProjects\Dj_project1\my_first_project\about_app\views.py", line 12, in get_about
    return render(request, 'about_app/index.html')
           ^^^^^^^^^^^^^^^^^^^^^^^^^^^^^^^^^^^^^^^
  File "C:\Users\User\AppData\Local\Programs\Python\Python311\Lib\site-packages\django\shortcuts.py", line 24, in render
    content = loader.render_to_string(template_name, context, request, using=using)
              ^^^^^^^^^^^^^^^^^^^^^^^^^^^^^^^^^^^^^^^^^^^^^^^^^^^^^^^^^^^^^^^^^^^^^
  File "C:\Users\User\AppData\Local\Programs\Python\Python311\Lib\site-packages\django\template\loader.py", line 61, in render_to_string
    template = get_template(template_name, using=using)
               ^^^^^^^^^^^^^^^^^^^^^^^^^^^^^^^^^^^^^^^^
  File "C:\Users\User\AppData\Local\Programs\Python\Python311\Lib\site-packages\django\template\loader.py", line 19, in get_template
    raise TemplateDoesNotExist(template_name, chain=chain)
django.template.exceptions.TemplateDoesNotExist: about_app/index.html
"GET /home/about HTTP/1.1" 500 78812
Internal Server Error: /home/about
Traceback (most recent call last):
  File "C:\Users\User\AppData\Local\Programs\Python\Python311\Lib\site-packages\django\core\handlers\exception.py", line 55, in inner
    response = get_response(request)
               ^^^^^^^^^^^^^^^^^^^^^
  File "C:\Users\User\AppData\Local\Programs\Python\Python311\Lib\site-packages\django\core\handlers\base.py", line 197, in _get_response
    response = wrapped_callback(request, *callback_args, **callback_kwargs)
               ^^^^^^^^^^^^^^^^^^^^^^^^^^^^^^^^^^^^^^^^^^^^^^^^^^^^^^^^^^^^
  File "C:\Users\User\PycharmProjects\Dj_project1\my_first_project\about_app\views.py", line 12, in get_about
    return render(request, 'about_app/index.html')
           ^^^^^^^^^^^^^^^^^^^^^^^^^^^^^^^^^^^^^^^
  File "C:\Users\User\AppData\Local\Programs\Python\Python311\Lib\site-packages\django\shortcuts.py", line 24, in render
    content = loader.render_to_string(template_name, context, request, using=using)
              ^^^^^^^^^^^^^^^^^^^^^^^^^^^^^^^^^^^^^^^^^^^^^^^^^^^^^^^^^^^^^^^^^^^^^
  File "C:\Users\User\AppData\Local\Programs\Python\Python311\Lib\site-packages\django\template\loader.py", line 61, in render_to_string
    template = get_template(template_name, using=using)
               ^^^^^^^^^^^^^^^^^^^^^^^^^^^^^^^^^^^^^^^^
  File "C:\Users\User\AppData\Local\Programs\Python\Python311\Lib\site-packages\django\template\loader.py", line 19, in get_template
    raise TemplateDoesNotExist(template_name, chain=chain)
django.template.exceptions.TemplateDoesNotExist: about_app/index.html
"GET /home/about HTTP/1.1" 500 78538
C:\Users\User\PycharmProjects\Dj_project1\my_first_project\about_app\views.py changed, reloading.
Watching for file changes with StatReloader
"GET /home/about HTTP/1.1" 200 220
Watching for file changes with StatReloader
Watching for file changes with StatReloader
Not Found: /
"GET / HTTP/1.1" 404 2174
"GET /home HTTP/1.1" 301 0
"GET /home/ HTTP/1.1" 200 70
C:\Users\User\PycharmProjects\Dj_project1\my_first_project\about_app\views.py changed, reloading.
Watching for file changes with StatReloader
"GET /home/ HTTP/1.1" 200 70
"GET /home/ HTTP/1.1" 200 70
"GET /home/ HTTP/1.1" 200 70
"GET /home/ HTTP/1.1" 200 70
"GET /home/ HTTP/1.1" 200 70
"GET /home/about HTTP/1.1" 200 55
C:\Users\User\PycharmProjects\Dj_project1\my_first_project\about_app\views.py changed, reloading.
Watching for file changes with StatReloader
C:\Users\User\PycharmProjects\Dj_project1\my_first_project\about_app\views.py changed, reloading.
Watching for file changes with StatReloader
"GET /home/about HTTP/1.1" 200 93
C:\Users\User\PycharmProjects\Dj_project1\my_first_project\about_app\views.py changed, reloading.
Watching for file changes with StatReloader
"GET /home/ HTTP/1.1" 200 104
